<?xml version="1.0" encoding="UTF-8"?>
<!-- Generated by org.testng.reporters.JUnitReportReporter -->
<testsuite hostname="Dell-7390" failures="0" tests="2" name="TestNG.drop" time="17.315" errors="0" timestamp="2023-04-05T18:50:37 GMT-04:00" skipped="0">
  <testcase classname="TestNG.drop" name="sortListTest" time="9.571"/>
  <system-out/>
  <testcase classname="TestNG.drop" name="sortGridTest" time="7.744"/>
  <system-out/>
</testsuite> <!-- TestNG.drop -->
